0.02713572
-0.01467716
-0.009433894
-0.008521307
0.009352854
-0.0042575
-0.004275608
0.05455923
0.01437122
-0.01369535
-0.009576287
0.01885431
-0.002372533
0.03686086
-0.0231651
-0.01972294
0
-0.01341321
-0.005583869
0.005859416
0.01820388
-0.004767599
-0.001676639
-0.002399196
0.01731595
-0.008983477
-0.00143124
-0.07572867
-0.00672004
-0.01795469
-0.001059908
-0.01034481
-0.0179577
0.004912672
-0.00434546
-0.03218768
-0.01944754
-0.02328259
0.005591484
-0.01112079
0.009174239
0.002346095
-0.003803425
-0.01732746
-0.01942611
0.007010044
0.00907988
-0.01919614
0.01314986
-0.01448836
-0.004594227
0.01538462
-0.0321212
-0.0021916
0
-0.0006275638
0.02480374
-0.02542892
-0.008487851
0.009828772
0.001569835
0.002821321
0.01406686
0.007398326
0.02233781
-0.002693809
0.01200485
0.005931107
-0.0179834
0.006604545
-0.02117504
0.003961032
-0.01426407
0.01262315
-0.01276978
-0.007699415
0.004345108
-0.003708249
0.005583017
-0.01326337
0.00125036
-0.01092721
-0.01420457
0.004162698
-0.02774237
0.00360776
-0.005228753
0.03186594
0.001273509
-0.02003183
-0.1106424
-0.02553815
0.01834525
0.006985243
0.05038339
0.01077509
0.006189832
0.002050563
-0.004092733
-0.006849341
0.006551743
0.03323053
-0.006962834
0.001001629
-0.01067377
-0.01888063
-0.01374569
0.006271721
0.001038805
-0.004496685
0.01007641
0.004472001
0.01780817
0.006729501
-0.009692544
0.007087445
-0.008042888
-0.001689228
-0.01895091
0.006554003
-0.002741601
-0.002061837
-0.0037879
0.01209818
0.002049162
0.00613498
0.01795389
0.01264563
-0.006243856
0.0185185
-0.001948035
-0.03090432
0.00335678
0.002007406
-0.01602676
-0.01493039
-0.01240099
-0.01116148
-0.01199295
-0.02891822
0.004779381
0.03768755
-0.007052213
-0.02308237
-0.01490367
0.004058993
-0.009187799
-0.007047427
-0.000373561
-0.05007474
0.01534223
-0.01975979
-0.01185768
0.01120003
-0.00870258
0.0155627
0.01060898
0.001555246
-0.02057456
0.0126833
0.002739789
0.008587014
-0.002321961
0.003878917
0.02859357
-0.00713751
0.009080581
0.007499091
-0.01190925
0.01544256
0.03004456
0.00468128
-0.004659468
0.002520695
0.002155153
0.01003587
-0.01632367
0.01406931
-0.0149413
0.00975076
-0.002145904
-0.005017899
0.00720457
-0.04256075
-0.006723956
0.009402031
0.02049177
0.0003651051
-0.02116788
-0.004474233
-0.03970042
0.01170051
0.008866597
0.00420331
0.009512937
-0.02789294
-0.06223348
0.005995471
-0.02383888
-0.002105231
0.01075946
-0.04299732
0.0006543641
-0.002833502
0.009180288
0.02014296
0.01316354
-0.0004191211
-0.02662475
-0.02670691
-0.01416241
-0.02267112
0.03881485
-0.002432028
0.04521279
-0.004240898
0.0008518083
0.006382962
-0.0006342237
-0.005711878
0.001914897
-0.0008494567
-0.02274176
0.01805137
-0.002777207
-0.01006858
-0.02964724
0.01605712
-0.03160673
0.004986429
-0.003382984
0.007015193
0.01011238
-0.001334847
0.009356248
-0.06135516
-0.01105096
-0.01973376
-0.011642
0.03631901
0.03007342
0.00252875
-0.03049763
-0.00614944
-0.02165635
-0.002675763
-0.01512193
0.04581472
0
0.02533743
0.00254043
-0.01750745
0.01617816
-0.008767906
-0.005353807
-0.01240344
0.01706155
0.00349491
-0.004411391
-0.03008398
-0.006251462
0.002419513
-0.01182722
0.04445529
0.04536956
0.007829943
0.0217536
-0.0004345092
-0.01999561
0.1081069
0.03092786
0.02769228
-0.02208084
-0.0466896
-0.04596549
0.02124978
0.007004535
-0.001841247
0.03996722
0.03035075
-0.01262433
-0.01472294
-0.001966227
-0.00394005
-0.002373472
-0.01367959
0.01989953
-0.006700831
0.0007935932
-0.03865973
-0.05836258
-0.03460355
0.03539014
-0.01424184
0.05112245
-0.01585959
-0.02234639
0.02285716
0.03889122
-0.02130297
0.0002113723
-0.06761041
-0.05325181
-0.01747246
-0.0353228
0.06035362
-0.03048351
0.01129941
-0.01821715
-0.06481937
0.05396828
-0.02610444
0.02422687
-0.0007549721
0.0551499
-0.007637224
-0.04377113
0.003772674
-0.01027311
0.036962
-0.007812493
-0.01697831
0.008260276
0.03848071
0.01577815
-0.06001419
-0.008012011
-0.008329077
0
0.000763522
-0.03942012
-0.01403227
-0.01638025
-0.04204207
-0.01510398
0.1080284
0.09497792
-0.04111225
-0.002478277
0.02534163
0.0455537
-0.008806513
0.0004676282
0.08927319
0.02081101
0.04035305
-0.1109091
-0.003635534
-0.05108319
0.01634223
0.03239534
0.01213923
0.02353476
0.008401527
0.05086603
-0.003755483
0.01382199
-0.03222478
0.02561368
0.008740936
-0.0008252716
0.005988043
0.0006157385
-0.006359003
-0.01052845
-0.02023787
0.01724875
0.001465348
-0.0006270648
-0.02468103
-0.0253056
-0.02068212
-0.01011002
0.001588736
-0.03716291
0.0009413297
0.01810488
-0.0006928125
-0.00531545
0.01812265
0.02647193
-0.01689636
-0.003844459
-0.02270148
-0.02671307
0.01026254
-0.0002362895
0.009688087
-0.005382624
0.01670586
-0.02939136
-0.01096803
-0.01494694
-0.00195795
-0.02035307
-0.00926155
0.03107629
-0.001960349
0.02455193
-0.001677443
-0.01344218
-0.005596096
-0.02446783
0.01881114
0.01033978
0.01145218
0.009154447
-0.03891146
0.04520625
0.1079975
-0.005140241
-0.003875141
-0.02939271
0.006234664
0.0181456
-0.007389701
0.004160334
-0.01286525
0.006847832
-0.004168548
-0.03084375
-0.0311435
-0.01759737
0.005970862
0.0218424
0.03392191
-0.003820184
0.02729526
0.01032054
-0.04607692
0.02346773
-0.03650934
0.005083208
-0.1103816
0.006666713
0.007450238
0.02875933
-0.04659212
-0.01005307
-0.02425954
-0.0106967
-0.01461134
-0.01423486
-0.01534302
-0.06752212
0.004587136
0.003587756
0.02274939
-0.006355223
-0.09306044
-0.001410469
0.01518363
0.02608696
-0.04135591
0.02050919
-0.02252257
0.004608333
-0.02822863
-0.04066815
0.001892477
0.001511179
0.02301021
0.00110615
-0.02099446
0.02144468
-0.01620628
0.01385252
0.006277699
-0.01577983
-0.02087992
-0.01142426
0.06972271
0.006121717
0.00214744
-0.01642854
0.009077705
-0.00395828
-0.02203759
-0.04396012
0.03438954
0.03324615
0.001807637
-0.0007217088
-0.03900325
-0.01653516
-0.009552923
-0.03395058
0.01517568
0.01691583
0.03636366
-0.002986257
-0.01272925
-0.006446722
0.01450378
0.03649358
0.03085301
-0.002464778
-0.03000354
0.02401746
-0.04619756
0.004470899
-0.004080071
-0.01340784
0.01245753
-0.03914986
-0.01125343
0.01530617
-0.01507543
0.05062798
-0.02801644
0.02113756
-0.009785481
-0.006081332
0.04015301
-0.02904415
0.02612649
0.00184499
0.02799264
-0.03475454
-0.04268744
-0.03334628
-0.04492583
0.002520007
-0.1105984
0.01315792
-0.0274171
-0.008407521
-0.01471322
-0.02657553
-0.001040065
0.01926085
0.001276794
-0.02983928
-0.009726676
0.01752067
0.003652475
-0.01585653
-0.004226092
0.09124665
0.02284887
-0.0147339
0.007235872
0.0009578764
0.01291868
-0.04298535
0
-0.01776903
-0.003266359
-0.007562371
0.03784612
0.01762117
-0.02020202
-0.001963717
-0.008853926
0.001488868
0.02775022
0.006750212
-0.01053637
0.0111326
0.0287219
0.02000932
-0.01277375
0.02541595
0.04100946
-0.01471862
-0.007469248
0.01018148
-0.0254163
0.05125897
0.0008554516
-0.0273504
-0.02680143
0
0.0004514776
-0.009476493
0.01776763
-0.01566698
0.05820831
0.03180059
0.01874214
-0.0257563
-0.02643723
-0.002155222
0.02332617
0.00928659
0.0054371
-0.0008319658
-0.02456287
0.02603502
0.02163055
0.01506518
-0.009626946
0.02754153
0.006700831
-0.0007831033
0.005094011
0.02144254
0.01106866
-0.004152533
-0.006444279
0.005723065
0.009863438
0.009015769
0.0003723093
-0.01377003
0.008301861
-0.02357781
0.01609812
-0.04187101
-0.01141728
-0.01951413
-0.006498853
0.01430909
0.0257961
-0.04872305
-0.001652169
0.04261484
0.001984097
0.04514849
0.005305089
0.03279302
0
0.005109536
0.02868551
-0.04624072
-0.02849743
-0.01904762
0.02990293
-0.01244344
0.01832759
-0.02062239
0.01875956
0.001503157
-0.02964349
-0.01662801
0.0275265
-0.03099883
0.01658768
-0.01592851
0.03395186
-0.004581933
-0.007288091
-0.02202472
0.01659423
-0.02254178
-0.04413514
0.00831942
0.02640262
0.01205792
0.02859409
0.00656371
-0.002685067
0.0007692484
0.02920831
0.03547419
-0.01298228
0.05151625
0.05941623
-0.02558218
0.006395171
0.007692292
-0.001327548
0.01694916
-0.01601306
-0.01328467
-0.02827325
-0.005195758
-0.01114205
-0.01161972
-0.01140006
0.02558555
-0.02283906
0.01114712
-0.0007112538
-0.01779359
-0.006884077
-0.01058004
-0.008112139
0.08513015
-0.008564577
-0.02764344
0.007462722
0.009171084
0.01083535
-0.05221301
0.02006564
0.03719603
-0.02
-0.01442645
0.003570167
-0.01138384
0.0007196312
0.0003595911
-0.01473759
0.03684787
0.02181565
-0.0134298
-0.03176265
0.01874551
0.02229296
-0.02457595
0.04471257
0.02547554
-0.01291823
0.004026874
-0.01838233
0.04732718
-0.02470742
-0.03766664
-0.001731941
-0.02324775
0.01705149
0.008382874
-0.05022517
-0.01932898
0.06507996
0.003840804
0.008695652
-0.04413795
-0.0003607586
-0.01226988
-0.02849838
0.007145563
0.002987301
-0.03574091
0.001544437
0.04780261
-0.0286976
0.0181818
0.007812537
0.02916202
0.01757538
-0.009517111
0.01067613
0.005281677
0.03397553
-0.0125339
0.01132075
0.01933513
-0.003327736
-0.01135226
0.004052649
0.01345441
0.004314672
-0.008592208
-0.01200002
0.0003373896
-0.007757152
-0.08973485
-0.01045559
-0.0139623
-0.008802126
-0.0339768
-0.007593946
0.00241641
0.000803554
-0.02448818
-0.01028807
-0.03035341
0.004288181
0.01964129
0.00167508
-0.007943166
0.01222086
0
0.002497896
-0.0145349
-0.01643487
-0.01071123
0.0008661957
0.01730851
-0.0148873
-0.001295366
-0.03199307
0.01697191
-0.006148498
-0.01458241
-0.02062776
0.008699658
0.01906491
-0.07260584
-0.05667629
0.009928702
-0.001008246
0.009336334
0.02200003
0.01614481
-0.01974
0.005893857
-0.006835908
-0.0004916533
0.008853926
-0.01462707
-0.0004947215
0.008910811
-0.02428847
-0.02338447
0.02574665
0.1082927
0.04322892
-0.003382661
0.03478997
0.00328003
-0.008990573
-0.01855673
-0.03445377
-0.01653608
-0.003982308
-0.01599292
-0.01128668
-0.02237442
-0.001401246
-0.008419009
-0.01556603
-0.008624835
-0.01594973
-0.002455852
-0.008862645
-0.0352707
-0.002059779
0.01135197
0.01173467
-0.0330308
-0.010691
0.00105432
-0.006319059
0.003709576
0.003959813
0.002103651
-0.002886397
0.02868421
-0.001534955
-0.0005124381
0.01358633
0.0007586945
0.003790789
-0.002265865
0.04466314
0.01690814
-0.008076013
-0.01436778
-0.004373185
-0.004880448
-0.005885186
0.04440057
-0.002834174
-0.0023686
0.03181387
0.003221339
-0.005504538
0.001844973
0.004604069
0.01374891
0.002260363
0.001804195
-0.01080593
-0.01502048
0.03743075
-0.006236138
-0.003585833
0.003148884
0.004484322
0.03392858
0.007340245
-0.1106483
0.05448243
0.04509155
-0.02831457
0.001850093
-0.02954753
0.04281635
0.004105846
-0.009995425
-0.01743924
0.0340962
0.01264682
0.02453163
-0.006965601
0.01665941
-0.006037141
0.009978371
-0.006443364
-0.03977519
-0.009905417
-0.00773079
-0.02016501
-0.01262856
0.01136901
0.01030442
-0.01622626
-0.04712535
0.04352132
-0.01374412
-0.001922105
-0.0158883
0
0.001467651
-0.04323401
-0.005871829
0.004879364
0.004855574
0.07833169
0.03867923
0.01952772
-0.001781778
0.004016071
0
-0.02222222
0.02181816
0.0026691
-0.1105978
0.01703225
-0.00964225
-0.02997689
-0.03407292
0.02816513
0.008244718
-0.003165364
0.005292425
-0.03500926
-0.04609925
-0.02116104
-0.003797869
0.001466365
-0.02694003
0.01685228
0.01390936
0
-0.003794433
-0.005567021
-0.005008785
0.0002960711
-0.003256383
0.01277102
-0.01026389
0.006814801
0.01795175
0.006360255
0.005170936
-0.0142898
-0.003189348
-0.05061087
-0.05024508
0.002580643
-0.01898327
-0.0344375
-0.07133153
-0.03108999
-0.09362022
-0.02623911
0.002994081
-0.03411519
0.04459162
0.06551138
0.02419677
-0.0530596
-0.01676891
-0.004991715
-0.0451505
-0.1106555
0.05944191
-0.03625946
0.02326729
0.000483804
0.02852999
0.1089663
-0.03873241
-0.04065929
-0.003054598
-0.001149011
-0.003067482
0.03499999
-0.004830887
-0.02501867
0.04672537
-0.02744237
0.007524483
0.02800597
0.003269166
-0.03403333
0.03148426
-0.02543607
0.03914993
-0.03982779
0.0190583
0.03997067
-0.04901274
-0.006303303
0.007462715
0.008148123
-0.006245411
-0.006654285
-0.004465978
0.001121521
0.01493651
-0.00551875
-0.01627823
0.003760827
-0.0303485
-0.03516228
0.01882264
0.00235847
-0.02352943
-0.03212848
0.01659749
0.01673469
-0.07065437
0.01079914
0.008974402
-0.002117795
0.108229
-0.002252232
-0.007900643
-0.03640504
-0.01259346
-0.03029096
0.02671597
0.006004789
-0.02109028
0.01341463
-0.003208982
0.01730383
-0.02333861
0.04293234
0.001941718
0.01937985
-0.02205323
-0.0159409
0.01975504
0.007361509
-0.04999997
-0.00161947
-0.01581506
-0.02266177
-0.01349071
0.0397436
-0.05055485
0.01601727
-0.0247124
-0.01922231
-0.007572386
-0.003141903
0.0702387
-0.01388304
-0.0004266309
-0.02347423
-0.020979
-0.00714285
-0.01169066
0.005004577
-0.01086463
0.02013732
-0.01031859
-0.00679962
-0.005020566
-0.004587086
0.02626727
0.01616519
-0.01634993
0.008086267
-0.01114082
0.0365029
0.01086957
0.01720428
0.04186046
-0.008928544
0.01842755
-0.01809412
0.022932
-0.02802237
0.04983522
0.05806197
0.007415675
-0.01324993
-0.06154419
0.007551691
-0.03116374
0.06799675
0.01410602
0.003383464
-0.05582614
0.03849204
-0.0714559
0.07777783
0.0003818339
0.004198424
-0.0178639
-0.01818883
-0.1107897
-0.03137601
-0.00925501
-0.03362911
-0.07704204
-0.07834103
0.05522728
-0.04156802
-0.05797751
0.03625953
0.05593924
0.02921306
-0.03473841
0.02238309
0.02962009
0.0626433
-0.003433041
0.01230315
0.006805999
0.01834868
-0.0175439
0.07287646
-0.01169592
-0.002275796
0.01733573
0.003139085
-0.003129262
0.01793729
0.01762113
0.01082251
-0.1103317
0.01361258
0.02582645
0.03474313
0.005839457
-0.04692788
-0.02538071
0.0379166
0.001405052
0.005712584
0.01793725
-0.01321588
-0.02936503
0.001430901
0.05991017
-0.02648056
-0.01641933
-0.03057119
-0.01265567
0.009876111
0.007698648
-0.05843485
0.02543864
-0.01325925
-0.01148677
-0.01995178
0.01319911
-0.008169509
0.0398486
-0.003853591
0.02729429
-0.01673648
-0.001489355
-0.008310257
0.002578445
-0.0186455
-0.004804507
-0.01579987
0.03455958
0.01336213
0.005316907
-0.00888519
-0.02646747
0.02477525
0.008130105
0.007427913
-0.00252793
-0.01710672
-0.02535454
0.05511464
-0.01149182
0.009723104
-0.02595773
-0.01676339
-0.003278659
0.01666671
-0.05845565
-0.00572729
0.02004606
0.01920037
-0.004211005
0.01135102
0.02860907
-0.008771907
-0.003453441
-0.005631367
0.003920742
-0.006509049
0.04258575
-0.02744031
-0.01184585
0.03007847
-0.003173903
-0.01783063
-0.01793813
0.0486355
-0.0190976
-0.01904145
-0.0274809
-0.01031621
-0.001812802
-0.0011351
-0.01250007
-0.009666241
-0.005112674
0.01611767
-0.02505741
0.01249705
-0.02654875
-0.007655518
0.05882364
0.02846084
0.07593534
0.0213992
-0.0177277
0.01168994
-0.01277117
0.02546203
-0.02543049
0.03451813
-0.007348501
0.02140854
-0.04720865
-0.002261447
0.01380587
-0.02621955
-0.04988517
0.002636222
-0.02453987
-0.01055704
-0.02542565
-0.07407414
0.03094343
0.001708143
-0.01144944
-0.00344996
-0.01112761
-0.005751438
-0.001509065
-0.01989924
0.005397047
-0.009969334
-0.1066357
-0.03468212
-0.02365269
-0.0242257
-0.04431176
0.01808618
0.06136953
0.03986611
-0.009364959
0
0
0
0
0
0.03870016
0.03100113
-0.04413795
-0.04184704
0.03975903
0.04866744
-0.08176796
-0.006618483
-0.01059966
-0.0382614
0.005092308
-0.03546548
-0.006894258
0.004958633
0.03190794
0.01083835
-0.01009147
-0.02899007
-0.03937012
0.07069673
0.01786284
-0.008774641
-0.0006323406
0.01455236
-0.003118176
0.04754456
-0.03822037
