0.0008661172
0.000838731
0.0008003382
0.0007802674
0.0007384785
0.0008333413
0.0007833451
0.0007479595
0.0007288612
0.0006930947
0.0007557253
0.0008522331
0.0008204734
0.0008023018
0.0007719621
0.0007274732
0.0006838725
0.0009555113
0.0009068399
0.0008525557
0.0008293467
0.0008013642
0.0007548935
0.0007152684
0.0006752549
0.0006394757
0.0006303945
0.000596777
0.0005623706
0.000529179
0.0004978275
0.0005157141
0.0005043121
0.0004866196
0.0004633854
0.0004407251
0.0005024791
0.0004819074
0.000474492
0.0005597767
0.000529308
0.0005216274
0.0005065872
0.0005123213
0.0005234467
0.0006510271
0.0008256274
0.0007807415
0.0007420182
0.0009134864
0.0008637585
0.0008640471
0.001103494
0.001052099
0.0009904072
0.001107174
0.00113756
0.001361304
0.001658784
0.001559486
0.001467964
0.001395575
0.001328148
0.001961635
0.001896323
0.001785825
0.001739241
0.001973841
0.002205928
0.00226957
0.00222775
0.00228258
0.002233107
0.002299894
0.002219862
0.002151467
0.002057671
0.00199366
0.002123421
0.001996174
0.001888338
0.001779471
0.001697012
0.001610097
0.001847699
0.001742764
0.001638195
0.001561691
0.001469376
0.001381305
0.001321546
0.001264579
0.001198013
0.001834011
0.001738238
0.001679707
0.001658901
0.001562804
0.001591419
0.001529308
0.001532137
0.001440806
0.001357704
0.001299489
0.001229401
0.00120134
0.001129875
0.001290144
0.00124949
0.001187431
0.001165958
0.001103083
0.001045064
0.0009877479
0.001120866
0.001098219
0.001040179
0.0009833586
0.0009440125
0.0009009588
0.0008492946
0.0009025171
0.0008486213
0.0008483842
0.0008109365
0.0007622832
0.0007191081
0.0006770981
0.000653525
0.000614853
0.0005896822
0.0006336107
0.0006092838
0.0005756915
0.0005442227
0.0005482103
0.0005575454
0.0005299012
0.0005030861
0.0004729293
0.0004587944
0.0004646957
0.0006305163
0.0005984734
0.0005703207
0.0005715005
0.0005508005
0.0005178961
0.0005070841
0.0006694954
0.0006302291
0.0006210812
0.0006102
0.0005739507
0.0005497942
0.0005718957
0.0005405957
0.0005083392
0.0004787672
0.000451914
0.0004261943
0.0005179052
0.0005268653
0.0005014741
0.0005317221
0.0004999444
0.000485708
0.0004724626
0.0005956511
0.0005782892
0.000561782
0.0005680341
0.0005383942
0.0005060895
0.0004757434
0.0004541501
0.0004306469
0.0004054679
0.0004003077
0.0004088437
0.0003965305
0.0004095177
0.0003869652
0.0005838146
0.0006030127
0.0009269366
0.0009026819
0.000864322
0.0008228031
0.0007810471
0.000777641
0.0007654565
0.0007971782
0.0007513786
0.0007375293
0.0008190708
0.0007699371
0.0007377422
0.0007301723
0.000826541
0.0007780207
0.0007628983
0.0007219032
0.0007124837
0.000983934
0.0009889505
0.0009302868
0.0008801371
0.0008274803
0.0007831015
0.0007370456
0.0006927926
0.0006709264
0.0006337211
0.000599683
0.001223617
0.001214885
0.001170377
0.001129989
0.001170113
0.001123792
0.001296683
0.001323034
0.001247083
0.001172421
0.001102242
0.001036276
0.0009742708
0.0009159879
0.0009592361
0.0009658703
0.001015907
0.001051365
0.001091707
0.001178441
0.00149218
0.001404058
0.001324488
0.001324839
0.001248176
0.001241229
0.001168256
0.001100893
0.001103066
0.001046438
0.0009877848
0.0009728485
0.0009989787
0.001254591
0.00120239
0.001133214
0.001065295
0.001017296
0.0009563738
0.001044484
