0.0006864182
0.0006720576
0.0006460894
0.0006391979
0.0006094504
0.0007309837
0.0006826776
0.0006552168
0.0006473945
0.0006216614
0.0006969853
0.0008059614
0.0007640682
0.0007444078
0.000713807
0.0006708703
0.0006328497
0.0009141041
0.0008468057
0.0007821919
0.0007574839
0.000730449
0.0006868869
0.0006542034
0.0006225926
0.0005984135
0.0006006993
0.0005792698
0.0005579402
0.0005385097
0.00052187
0.0005551358
0.0005544406
0.0005487625
0.0005355062
0.000524471
0.000598307
0.0005807761
0.0005780158
0.0006688023
0.000634305
0.0006256474
0.0006123095
0.0006190631
0.0006329304
0.0007613823
0.0009347307
0.000853321
0.0007926791
0.0009674212
0.0008821158
0.0008647603
0.001109883
0.001008907
0.0009132493
0.001029345
0.001034638
0.001274047
0.001597521
0.001386855
0.0012201
0.001101982
0.001005142
0.001776704
0.001618001
0.001425646
0.001336823
0.001605372
0.001860036
0.001871153
0.001752949
0.001781954
0.001666826
0.001715606
0.001574169
0.001469387
0.001338252
0.001258174
0.001436352
0.001270388
0.001143392
0.001026016
0.0009511025
0.0008788555
0.001223591
0.001105861
0.0009975171
0.0009297173
0.0008479482
0.000776863
0.0007433122
0.000714827
0.0006743299
0.001416283
0.001298907
0.00122984
0.001204705
0.001105837
0.001143546
0.001084982
0.00109196
0.001005493
0.0009310134
0.0008850567
0.0008301386
0.0008226267
0.0007674445
0.0009495215
0.0009189187
0.0008686987
0.0008608987
0.0008113689
0.0007672243
0.0007253769
0.0008768215
0.0008604836
0.0008130639
0.0007689036
0.000743711
0.0007137258
0.0006774337
0.0007418727
0.0007008281
0.0007109861
0.0006868833
0.0006518875
0.000623598
0.0005965023
0.0005892201
0.0005657917
0.0005567562
0.000612739
0.0005987806
0.000576467
0.0005575188
0.0005746079
0.00059227
0.0005732658
0.0005556807
0.0005357169
0.0005326722
0.0005494243
0.0007167397
0.0006829269
0.0006544695
0.0006580162
0.0006399661
0.0006105271
0.0006029
0.0007645726
0.0007204175
0.0007072142
0.0006938756
0.0006587538
0.0006361983
0.0006576371
0.0006297549
0.0006021547
0.0005786237
0.0005580094
0.0005397193
0.0006310567
0.0006415683
0.000618485
0.000646622
0.0006169837
0.000606021
0.0005964383
0.0007109674
0.000691121
0.00067365
0.0006787648
0.0006500135
0.0006201317
0.0005938235
0.0005772326
0.0005594684
0.0005405177
0.0005398309
0.0005537279
0.0005451845
0.0005625958
0.0005443262
0.0007267663
0.0007367386
0.001049039
0.0009933559
0.0009321689
0.0008748163
0.0008236616
0.0008115619
0.0007944629
0.000817986
0.0007691065
0.000752599
0.0008289663
0.0007767597
0.0007435958
0.0007370496
0.0008286243
0.000777497
0.0007621357
0.0007233208
0.0007167297
0.000971452
0.0009611651
0.0008936917
0.0008406204
0.000788659
0.0007480275
0.0007079755
0.0006711953
0.0006578548
0.0006293603
0.0006055926
0.001141375
0.001117013
0.001062573
0.001016853
0.001042615
0.0009931302
0.001129398
0.001138515
0.001060727
0.000989875
0.0009270067
0.0008708481
0.0008203847
0.0007741886
0.000815027
0.0008230887
0.0008688912
0.0009001713
0.0009308121
0.0009989738
0.001268929
0.001172365
0.001094253
0.001089128
0.001017455
0.001009989
0.0009464756
0.0008899526
0.0008939472
0.0008492851
0.0008036954
0.0007985381
0.0008289091
0.00104323
0.0009949923
0.0009354678
0.0008802699
0.0008429405
0.00079685
0.0008732509
