0.0008623268
0.0008365194
0.0007991955
0.0007778238
0.0007356066
0.0008337724
0.0007837505
0.0007492794
0.0007314879
0.0006963261
0.0007560311
0.0008557891
0.0008226555
0.0008058871
0.0007764838
0.0007320994
0.0006883133
0.0009549946
0.0009070663
0.0008526985
0.0008307347
0.0008037654
0.0007574509
0.0007182219
0.0006776652
0.0006422424
0.0006317714
0.0005985449
0.0005643062
0.0005311731
0.0004998513
0.0005160672
0.0005036711
0.0004868177
0.0004630438
0.0004409158
0.0005007026
0.0004795944
0.0004713603
0.0005548488
0.0005251175
0.0005167553
0.0005028669
0.0005077307
0.0005203315
0.000646004
0.0008185676
0.0007737675
0.000736094
0.0009099315
0.0008599897
0.0008619006
0.001098529
0.001046741
0.000985177
0.001104512
0.001133243
0.001360394
0.00165423
0.001555131
0.00146361
0.00139228
0.001325845
0.001964863
0.001900893
0.001790508
0.001745293
0.001983672
0.002219488
0.002279211
0.00223898
0.002296283
0.002243998
0.002306956
0.002224849
0.002157956
0.002062486
0.001996485
0.002122544
0.001995452
0.001886902
0.001777664
0.001694222
0.001608358
0.001842172
0.001738135
0.001633897
0.001556657
0.00146441
0.001376742
0.001316237
0.001258586
0.001191738
0.001833745
0.001737059
0.001676919
0.001654056
0.001557801
0.001589492
0.001528963
0.001529403
0.001438061
0.001354682
0.001295453
0.001226343
0.001200159
0.001128588
0.001285359
0.001246479
0.001185482
0.001165804
0.001103573
0.001044872
0.0009870355
0.001123569
0.001099153
0.001041747
0.0009854116
0.0009470134
0.0009029221
0.0008515194
0.0009021712
0.00084843
0.0008465402
0.0008100874
0.0007614844
0.0007187446
0.0006765237
0.0006539462
0.0006154268
0.000591001
0.0006328712
0.0006077788
0.0005739046
0.0005429563
0.0005483567
0.0005562749
0.0005281861
0.0005009901
0.000471029
0.0004578506
0.000465066
0.0006281451
0.0005967411
0.000568162
0.0005706149
0.0005506804
0.0005178633
0.0005062153
0.0006715544
0.0006323716
0.0006219727
0.0006099503
0.0005738569
0.0005490292
0.0005696201
0.000538856
0.0005068161
0.0004775578
0.0004505043
0.0004251342
0.0005149212
0.0005252588
0.000500462
0.0005293682
0.0004978296
0.0004844657
0.0004720213
0.0005932885
0.0005767871
0.000561062
0.0005683568
0.0005390277
0.0005066928
0.0004762932
0.0004550675
0.0004317954
0.0004066666
0.0004007937
0.0004101883
0.0003972788
0.000411207
0.0003887687
0.0005833644
0.0006017827
0.0009242005
0.0008995902
0.0008618627
0.0008201978
0.0007789156
0.0007750779
0.0007635962
0.0007947451
0.0007492728
0.0007351063
0.0008175363
0.0007685308
0.0007360788
0.0007291604
0.0008266444
0.0007780193
0.0007634444
0.0007226207
0.0007137167
0.0009872367
0.0009911886
0.0009323113
0.0008822934
0.0008295557
0.0007852933
0.0007392098
0.0006948288
0.0006733198
0.0006358151
0.0006018593
0.001228896
0.00122087
0.001176666
0.00113659
0.001177755
0.001130522
0.001300679
0.001325612
0.001249712
0.001174852
0.001104486
0.001038343
0.0009761713
0.0009177312
0.0009597229
0.0009654225
0.001016691
0.001053293
0.001092303
0.001177579
0.001493781
0.001405713
0.001326311
0.001327702
0.001250671
0.001244647
0.001171626
0.001103874
0.001104817
0.001047701
0.0009892306
0.0009750733
0.00100232
0.001255303
0.001202509
0.001133527
0.001065561
0.001017087
0.0009562211
0.001043002
