0.001091049
0.001066745
0.001030997
0.001010918
0.0009672327
0.001059001
0.001014896
0.0009826056
0.0009658528
0.0009314099
0.0009863157
0.001062981
0.001036531
0.00102155
0.0009974216
0.0009614936
0.0009235488
0.001128174
0.001093853
0.001055605
0.001037329
0.001015727
0.0009810306
0.0009497534
0.0009160365
0.0008846192
0.0008744727
0.0008433808
0.0008087503
0.0007721066
0.0007338329
0.0007560042
0.0007437038
0.0007258832
0.0006983653
0.0006717829
0.0007359192
0.0007143951
0.0007061224
0.0007784657
0.0007527537
0.0007443395
0.0007310498
0.0007336459
0.00074195
0.0008334778
0.0009536761
0.0009246178
0.0008998636
0.001020634
0.0009880621
0.000990035
0.001173326
0.001134997
0.001089861
0.001191628
0.001235897
0.001547978
0.002165715
0.001903842
0.001693786
0.001577886
0.001490448
0.002378526
0.002284072
0.002064087
0.002020752
0.002396786
0.002784471
0.002888955
0.002806941
0.0028823
0.002776252
0.002853938
0.00270078
0.002577123
0.002418607
0.002309066
0.002484024
0.002288896
0.002125643
0.001962316
0.001839327
0.001710569
0.002085763
0.00193659
0.001786143
0.001677006
0.001537296
0.001397868
0.001318526
0.001244614
0.001146137
0.00220385
0.002048071
0.001953353
0.001915226
0.001775552
0.001820821
0.001733885
0.001736095
0.001609886
0.001494072
0.001415555
0.001319837
0.001299009
0.001196099
0.00145982
0.001410333
0.001330516
0.001311929
0.001230391
0.001153118
0.001075372
0.001295872
0.001267824
0.001194635
0.001122496
0.001076978
0.001022659
0.0009549401
0.001048676
0.0009792723
0.0009891253
0.0009458639
0.0008826754
0.0008278151
0.0007725029
0.0007530218
0.0007030161
0.0006798738
0.0007674391
0.0007401246
0.000698444
0.0006612521
0.000683935
0.0007073348
0.0006739193
0.0006416719
0.0006046927
0.0005952105
0.0006173585
0.0008682944
0.0008228076
0.0007836283
0.0007886135
0.0007619531
0.0007186708
0.0007053924
0.0009456523
0.0008854132
0.0008700558
0.0008526212
0.000802437
0.0007691853
0.0007988274
0.0007577421
0.000716068
0.0006788226
0.0006447216
0.0006129449
0.0007442436
0.0007586434
0.000724948
0.0007659571
0.0007231877
0.0007054764
0.0006893204
0.0008584376
0.0008329852
0.0008094095
0.0008183147
0.0007768454
0.0007336677
0.0006942997
0.0006673392
0.0006381314
0.0006068851
0.0006015615
0.0006164399
0.0006010754
0.0006212309
0.0005933237
0.0008556001
0.0008830176
0.001372201
0.001318619
0.001241469
0.001164314
0.001093686
0.001084542
0.001063046
0.001104834
0.001034355
0.001010802
0.001123448
0.001048781
0.001000741
0.0009881224
0.001119999
0.001048256
0.001024858
0.0009680131
0.0009541097
0.001327207
0.001328578
0.001235685
0.00116167
0.001088499
0.00102913
0.0009694728
0.0009131384
0.0008860196
0.0008387521
0.0007958259
0.001637359
0.001622532
0.001546888
0.001481201
0.001534876
0.001460341
0.001698034
0.001728006
0.001603635
0.001490321
0.001390219
0.001300086
0.001217571
0.00114068
0.001199055
0.001205701
0.001270442
0.001314477
0.001361837
0.001470826
0.001900104
0.001758369
0.001641099
0.001635773
0.001529592
0.001516332
0.001420537
0.001333965
0.001334057
0.001262143
0.00118886
0.001173044
0.001209407
0.00152616
0.001457046
0.001371021
0.001288833
0.001230008
0.00115712
0.001265667
