-0.04309448
-0.04264131
-0.04180936
-0.04158579
-0.04060658
-0.04447143
-0.0429769
-0.04210365
-0.04185157
-0.04101136
-0.04342492
-0.0466965
-0.04546669
-0.04487792
-0.04394583
-0.04260362
-0.04137877
-0.04973076
-0.04786512
-0.04600276
-0.04527036
-0.04445516
-0.04310919
-0.04207108
-0.04104207
-0.04023722
-0.04031399
-0.03958838
-0.03885269
-0.03817016
-0.03757582
-0.03875492
-0.03873065
-0.03853182
-0.03806357
-0.03766934
-0.04023364
-0.03963982
-0.0395455
-0.04253791
-0.04142632
-0.04114263
-0.04070172
-0.04092557
-0.04138141
-0.0453867
-0.05028871
-0.0480489
-0.04631013
-0.05116053
-0.04885287
-0.04836989
-0.05479815
-0.05224598
-0.0497075
-0.05277251
-0.05290802
-0.05871107
-0.06574316
-0.06125518
-0.05745463
-0.05460274
-0.0521484
-0.06933218
-0.06616321
-0.06210594
-0.06014011
-0.0659045
-0.07093947
-0.07115114
-0.06886712
-0.06943453
-0.06715408
-0.06812962
-0.06526088
-0.06305148
-0.06017224
-0.05834419
-0.06233869
-0.0586267
-0.05561921
-0.05268711
-0.0507272
-0.0487625
-0.05753675
-0.05469877
-0.05195022
-0.05015367
-0.0478974
-0.04584579
-0.04484488
-0.04397721
-0.04271333
-0.06190166
-0.05928111
-0.05768349
-0.057091
-0.05469818
-0.05562295
-0.05417995
-0.0543539
-0.05215749
-0.05018862
-0.04893424
-0.04739173
-0.04717682
-0.04556703
-0.05068502
-0.04986155
-0.04847991
-0.04826177
-0.0468529
-0.04556049
-0.04430055
-0.04870604
-0.04825014
-0.04690181
-0.04561033
-0.04485691
-0.04394333
-0.04281152
-0.04480144
-0.04354447
-0.04385891
-0.04310908
-0.04199655
-0.04107519
-0.04017291
-0.03992694
-0.03912511
-0.03881144
-0.04071599
-0.04024956
-0.03949249
-0.03883801
-0.03942875
-0.04003014
-0.03938268
-0.03877394
-0.03807106
-0.03796272
-0.03855504
-0.04403601
-0.04298475
-0.04207963
-0.0421935
-0.04161077
-0.04064244
-0.04038777
-0.04548169
-0.04414885
-0.04374241
-0.04332794
-0.04221714
-0.0414881
-0.04218134
-0.04127747
-0.0403628
-0.03956629
-0.0388551
-0.03821301
-0.04132011
-0.04166282
-0.04090645
-0.04182659
-0.04085678
-0.04049217
-0.04017076
-0.04385833
-0.04324185
-0.04269179
-0.04285356
-0.04193614
-0.04096088
-0.04008261
-0.0395187
-0.03890586
-0.03824126
-0.03821696
-0.03870575
-0.03840599
-0.03901445
-0.03837575
-0.04434296
-0.04464615
-0.05327495
-0.05184176
-0.05021975
-0.04865032
-0.04720648
-0.04685847
-0.0463622
-0.04704356
-0.04561635
-0.04512415
-0.04735825
-0.04584274
-0.04485344
-0.04465557
-0.04734848
-0.0458645
-0.04540915
-0.04423772
-0.0440357
-0.051267
-0.05099484
-0.04917237
-0.04768999
-0.04619254
-0.0449869
-0.04376595
-0.04261394
-0.04218833
-0.04126453
-0.04047786
-0.05557013
-0.05497388
-0.05361752
-0.05245131
-0.05311157
-0.05183587
-0.0552778
-0.05550048
-0.05357091
-0.05175084
-0.0500805
-0.04853985
-0.04711249
-0.04576681
-0.0469584
-0.04719006
-0.04848529
-0.0493503
-0.05018319
-0.05198814
-0.05859302
-0.05631949
-0.05441094
-0.05428335
-0.05246683
-0.05227397
-0.05060366
-0.04906939
-0.0491794
-0.04793514
-0.04663081
-0.04648096
-0.04735662
-0.05312723
-0.05188444
-0.05030854
-0.04880173
-0.04775576
-0.0464318
-0.04860677
