-0.05433121
-0.05372266
-0.05281483
-0.05229802
-0.05115555
-0.05352731
-0.05240082
-0.05156047
-0.05111905
-0.0501993
-0.05165772
-0.05362779
-0.05295641
-0.05257231
-0.05194774
-0.05100356
-0.04998701
-0.05524784
-0.05440099
-0.05344143
-0.05297678
-0.05242226
-0.05151913
-0.05069121
-0.0497833
-0.04892214
-0.04864076
-0.04776823
-0.04677723
-0.04570523
-0.04455802
-0.04522612
-0.04485669
-0.04431601
-0.04346789
-0.04263259
-0.04462131
-0.04396393
-0.04370863
-0.04589306
-0.04512879
-0.04487586
-0.04447344
-0.04455234
-0.04480377
-0.04748695
-0.05079579
-0.05001593
-0.04934187
-0.05254872
-0.05170343
-0.05175503
-0.05634257
-0.05541465
-0.05430163
-0.05678029
-0.05782537
-0.0647157
-0.07654696
-0.07176995
-0.067695
-0.06533788
-0.06350174
-0.08021974
-0.07861079
-0.07472937
-0.07394074
-0.08052706
-0.08679578
-0.08840924
-0.08714529
-0.08830735
-0.08666759
-0.0878718
-0.08548145
-0.0835016
-0.0808928
-0.07903973
-0.08197948
-0.07869375
-0.07583548
-0.07286379
-0.07054345
-0.06802955
-0.07512072
-0.07238459
-0.0695161
-0.06735884
-0.06449203
-0.06149791
-0.05972712
-0.05802894
-0.05568593
-0.07721796
-0.07443886
-0.07269719
-0.07198422
-0.06930968
-0.07018768
-0.06849162
-0.06853525
-0.06599711
-0.0635789
-0.06188575
-0.0597568
-0.05928343
-0.05688671
-0.0628459
-0.06177148
-0.05999808
-0.05957752
-0.05769642
-0.05585526
-0.05393947
-0.0592118
-0.0585675
-0.05685188
-0.05510865
-0.05397972
-0.05260085
-0.05082944
-0.05326573
-0.05147294
-0.05173124
-0.05058731
-0.04886836
-0.04732536
-0.04571696
-0.04513683
-0.04361239
-0.04288855
-0.04556687
-0.04474862
-0.04347034
-0.04229712
-0.04301646
-0.04374614
-0.04270033
-0.04166619
-0.04044777
-0.04012939
-0.04086918
-0.04846863
-0.04718201
-0.04604498
-0.04619121
-0.04540372
-0.0440953
-0.04368604
-0.05058165
-0.04894409
-0.04851777
-0.0480292
-0.04659429
-0.04561868
-0.04648938
-0.04527808
-0.04401537
-0.04285538
-0.04176508
-0.04072283
-0.04487297
-0.045305
-0.04428745
-0.04552285
-0.04423365
-0.04368864
-0.04318549
-0.04819274
-0.04747292
-0.04679629
-0.04705301
-0.04584527
-0.044553
-0.04334118
-0.04249135
-0.04155108
-0.04052103
-0.04034292
-0.04083877
-0.04032661
-0.04099716
-0.04006573
-0.04811303
-0.04887783
-0.06093069
-0.05972923
-0.05795558
-0.05612577
-0.05439683
-0.05416895
-0.05362943
-0.05467336
-0.05290077
-0.05229502
-0.05513199
-0.05326841
-0.0520341
-0.05170501
-0.0550473
-0.05325506
-0.05265736
-0.05117618
-0.05080734
-0.05992342
-0.05995435
-0.0578204
-0.05606202
-0.05426769
-0.05276698
-0.05121475
-0.04970448
-0.04896085
-0.04763696
-0.04640196
-0.06655783
-0.0662558
-0.06469291
-0.06330446
-0.06444125
-0.0628571
-0.06777983
-0.0683754
-0.06586884
-0.06349905
-0.06132943
-0.05930801
-0.05739504
-0.05555322
-0.05695695
-0.0571146
-0.05862794
-0.05963534
-0.06070015
-0.06308236
-0.07169948
-0.06897349
-0.0666338
-0.0665256
-0.06433023
-0.06405078
-0.06199456
-0.0600758
-0.06007786
-0.05843615
-0.05671431
-0.05633579
-0.0572023
-0.06425801
-0.06278616
-0.06090449
-0.05905078
-0.05768743
-0.0559521
-0.05851767
