-0.04840783
-0.04763637
-0.04653332
-0.04594614
-0.04469883
-0.04748306
-0.04603666
-0.04498485
-0.04440682
-0.04330356
-0.04521778
-0.04801826
-0.04711503
-0.04659037
-0.04570095
-0.04436452
-0.04301449
-0.05084464
-0.04953276
-0.04802735
-0.04736912
-0.04656314
-0.04519289
-0.04399079
-0.04274262
-0.04159482
-0.04129842
-0.04018216
-0.03900664
-0.03783803
-0.03670005
-0.03735354
-0.03693831
-0.03628458
-0.03540776
-0.03453116
-0.03687111
-0.03610847
-0.03582958
-0.03891658
-0.03784264
-0.03756708
-0.03702153
-0.03723046
-0.03763254
-0.04196882
-0.04726278
-0.04596009
-0.04480583
-0.04971395
-0.04834187
-0.04834994
-0.0546402
-0.0533526
-0.05176475
-0.05473122
-0.05547718
-0.06068827
-0.06699188
-0.06495582
-0.06302095
-0.06144745
-0.05994466
-0.07285113
-0.07162809
-0.06950991
-0.06859731
-0.07307744
-0.07725435
-0.07836083
-0.07763552
-0.0785851
-0.07772881
-0.07888259
-0.07749796
-0.07629475
-0.07461313
-0.07344341
-0.07579584
-0.0734897
-0.07147713
-0.06938614
-0.06775943
-0.06600142
-0.07070382
-0.06866677
-0.06657482
-0.06500171
-0.06305125
-0.06113248
-0.05979549
-0.05849251
-0.0569322
-0.07044144
-0.06857753
-0.06741306
-0.06699424
-0.06502487
-0.06561748
-0.06432425
-0.06438371
-0.06243528
-0.06060799
-0.05929439
-0.05767319
-0.05701121
-0.05528948
-0.05908079
-0.0581425
-0.05668022
-0.05616539
-0.05463002
-0.05317393
-0.05169521
-0.05506861
-0.05450945
-0.05304949
-0.05158022
-0.05053778
-0.04937189
-0.04793541
-0.04941457
-0.0479164
-0.04790971
-0.04684041
-0.04541355
-0.04410871
-0.04280092
-0.04204926
-0.04078617
-0.03994259
-0.04140364
-0.04060103
-0.03946592
-0.0383721
-0.03851242
-0.03883894
-0.03786385
-0.03689338
-0.03577053
-0.03523192
-0.03545778
-0.04130241
-0.04023923
-0.03928139
-0.039322
-0.0386033
-0.03743248
-0.03703968
-0.04255995
-0.04129301
-0.04099222
-0.04063155
-0.0394062
-0.03856802
-0.03933559
-0.03824402
-0.03708549
-0.03599063
-0.03496674
-0.03395714
-0.03743281
-0.03775523
-0.03683422
-0.03792885
-0.036778
-0.03625057
-0.03575287
-0.04014424
-0.03955486
-0.03898622
-0.03920256
-0.03816607
-0.03700334
-0.0358768
-0.03505314
-0.03413406
-0.03312115
-0.03290973
-0.03325875
-0.03275409
-0.03328615
-0.03235662
-0.03974337
-0.04039155
-0.05007861
-0.04941908
-0.04835763
-0.04718188
-0.04596908
-0.04586874
-0.04550798
-0.04644136
-0.04508755
-0.0446701
-0.04707475
-0.04564097
-0.04467654
-0.04444674
-0.04728893
-0.04587994
-0.04543187
-0.04419435
-0.04390508
-0.05159531
-0.05172667
-0.05016903
-0.04879805
-0.04731579
-0.0460295
-0.04465545
-0.04329412
-0.04260541
-0.04140724
-0.04027988
-0.05753736
-0.05733169
-0.05627172
-0.05529226
-0.05626536
-0.05514043
-0.05923032
-0.05982914
-0.05808647
-0.05632084
-0.05460919
-0.05294989
-0.05134133
-0.04978197
-0.05094364
-0.05111951
-0.05242691
-0.05333399
-0.05434758
-0.05646524
-0.06353862
-0.06163392
-0.05986201
-0.05986993
-0.05811191
-0.05794996
-0.0562207
-0.05457576
-0.05462959
-0.05320886
-0.05169618
-0.05130384
-0.05198827
-0.05826106
-0.05703611
-0.0553711
-0.05368614
-0.05246273
-0.05086758
-0.05315916
