-0.04830179
-0.04757352
-0.04650009
-0.04587413
-0.04461183
-0.04749534
-0.04604857
-0.04502453
-0.04448676
-0.04340438
-0.04522693
-0.04811834
-0.04717765
-0.04669435
-0.0458346
-0.04450536
-0.04315393
-0.05083089
-0.04953895
-0.04803137
-0.04740874
-0.04663285
-0.04526938
-0.04408152
-0.04281883
-0.0416847
-0.0413435
-0.04024164
-0.03907371
-0.03790926
-0.03677458
-0.03736632
-0.03691482
-0.03629196
-0.0353947
-0.03453863
-0.03680588
-0.03602171
-0.03571114
-0.0387449
-0.03769255
-0.03739123
-0.03688534
-0.03706329
-0.03752039
-0.0418066
-0.04706028
-0.04575436
-0.04462661
-0.04961713
-0.04823629
-0.04828985
-0.05451714
-0.05321656
-0.05162789
-0.05466539
-0.05537182
-0.06066799
-0.06689986
-0.06486504
-0.06292742
-0.06137487
-0.05989267
-0.07291106
-0.07171436
-0.06960099
-0.06871656
-0.07325921
-0.07749143
-0.07852709
-0.07783095
-0.07882065
-0.07791813
-0.0790036
-0.07758496
-0.07640972
-0.07470038
-0.07349543
-0.07578018
-0.07347641
-0.07144995
-0.06935091
-0.0677037
-0.06596576
-0.07059799
-0.0685755
-0.06648744
-0.06489686
-0.06294461
-0.06103142
-0.05967526
-0.05835374
-0.05678292
-0.07043632
-0.06855428
-0.06735708
-0.06689633
-0.06492071
-0.06557773
-0.064317
-0.06432624
-0.06237576
-0.06054049
-0.05920223
-0.05760142
-0.05698319
-0.05525797
-0.05897114
-0.05807239
-0.05663368
-0.05616167
-0.05464216
-0.05316903
-0.05167656
-0.05513496
-0.05453261
-0.05308947
-0.05163404
-0.05061804
-0.04942565
-0.04799815
-0.04940509
-0.047911
-0.04785762
-0.04681588
-0.04538975
-0.04409756
-0.04278276
-0.04206281
-0.04080519
-0.03998724
-0.04137947
-0.04055086
-0.03940462
-0.03832743
-0.03851757
-0.03879466
-0.03780252
-0.03681644
-0.03569859
-0.03519566
-0.03547191
-0.04122467
-0.04018095
-0.03920697
-0.03929152
-0.03859909
-0.03743129
-0.03700794
-0.04262534
-0.04136313
-0.04102163
-0.04062323
-0.03940298
-0.03854118
-0.03925725
-0.03818243
-0.03702989
-0.03594515
-0.03491216
-0.03391488
-0.03732481
-0.03769762
-0.03679704
-0.0378448
-0.03670013
-0.03620418
-0.03573617
-0.04006454
-0.03950345
-0.03896123
-0.0392137
-0.03818852
-0.03702539
-0.03589752
-0.03508853
-0.03417955
-0.03317008
-0.03292969
-0.03331339
-0.03278498
-0.03335474
-0.03243194
-0.03972805
-0.04035033
-0.05000465
-0.04933437
-0.04828879
-0.04710712
-0.04590632
-0.04579309
-0.04545264
-0.04637044
-0.04502433
-0.04459666
-0.04703063
-0.04559927
-0.04462615
-0.04441593
-0.04729189
-0.0458799
-0.04544813
-0.0442163
-0.04394305
-0.05168183
-0.05178517
-0.05022359
-0.04885778
-0.04737509
-0.04609387
-0.04472096
-0.04335769
-0.04268133
-0.0414756
-0.0403529
-0.05766135
-0.05747275
-0.05642269
-0.05545353
-0.05644881
-0.0553053
-0.05932154
-0.0598874
-0.05814767
-0.05637919
-0.05466474
-0.05300267
-0.05139138
-0.04982933
-0.05095657
-0.05110766
-0.05244714
-0.05338286
-0.05436243
-0.05644459
-0.06357272
-0.06167024
-0.0599032
-0.05993459
-0.05816996
-0.05802971
-0.05630173
-0.05464959
-0.05467294
-0.05324096
-0.051734
-0.05136247
-0.05207514
-0.05827759
-0.05703893
-0.05537875
-0.05369283
-0.05245735
-0.05086352
-0.05312144
